Release 14.7 - xst P.20131013 (nt64)
Copyright (c) 1995-2013 Xilinx, Inc.  All rights reserved.
--> Parameter TMPDIR set to xst/projnav.tmp


Total REAL time to Xst completion: 0.00 secs
Total CPU time to Xst completion: 0.42 secs
 
--> Parameter xsthdpdir set to xst


Total REAL time to Xst completion: 0.00 secs
Total CPU time to Xst completion: 0.42 secs
 
--> Reading design: Plentziapolis_Main.prj

TABLE OF CONTENTS
  1) Synthesis Options Summary
  2) HDL Parsing
  3) HDL Elaboration
  4) HDL Synthesis
       4.1) HDL Synthesis Report
  5) Advanced HDL Synthesis
       5.1) Advanced HDL Synthesis Report
  6) Low Level Synthesis
  7) Partition Report
  8) Design Summary
       8.1) Primitive and Black Box Usage
       8.2) Device utilization summary
       8.3) Partition Resource Summary
       8.4) Timing Report
            8.4.1) Clock Information
            8.4.2) Asynchronous Control Signals Information
            8.4.3) Timing Summary
            8.4.4) Timing Details
            8.4.5) Cross Clock Domains Report


=========================================================================
*                      Synthesis Options Summary                        *
=========================================================================
---- Source Parameters
Input File Name                    : "Plentziapolis_Main.prj"
Ignore Synthesis Constraint File   : NO

---- Target Parameters
Output File Name                   : "Plentziapolis_Main"
Output Format                      : NGC
Target Device                      : xc6slx16-3-csg324

---- Source Options
Top Module Name                    : Plentziapolis_Main
Automatic FSM Extraction           : YES
FSM Encoding Algorithm             : Auto
Safe Implementation                : No
FSM Style                          : LUT
RAM Extraction                     : Yes
RAM Style                          : Auto
ROM Extraction                     : Yes
Shift Register Extraction          : YES
ROM Style                          : Auto
Resource Sharing                   : YES
Asynchronous To Synchronous        : NO
Shift Register Minimum Size        : 2
Use DSP Block                      : Auto
Automatic Register Balancing       : No

---- Target Options
LUT Combining                      : Auto
Reduce Control Sets                : Auto
Add IO Buffers                     : YES
Global Maximum Fanout              : 100000
Add Generic Clock Buffer(BUFG)     : 16
Register Duplication               : YES
Optimize Instantiated Primitives   : NO
Use Clock Enable                   : Auto
Use Synchronous Set                : Auto
Use Synchronous Reset              : Auto
Pack IO Registers into IOBs        : Auto
Equivalent register Removal        : YES

---- General Options
Optimization Goal                  : Speed
Optimization Effort                : 1
Power Reduction                    : NO
Keep Hierarchy                     : No
Netlist Hierarchy                  : As_Optimized
RTL Output                         : Yes
Global Optimization                : AllClockNets
Read Cores                         : YES
Write Timing Constraints           : NO
Cross Clock Analysis               : NO
Hierarchy Separator                : /
Bus Delimiter                      : <>
Case Specifier                     : Maintain
Slice Utilization Ratio            : 100
BRAM Utilization Ratio             : 100
DSP48 Utilization Ratio            : 100
Auto BRAM Packing                  : NO
Slice Utilization Ratio Delta      : 5

=========================================================================


=========================================================================
*                          HDL Parsing                                  *
=========================================================================
Parsing VHDL file "E:\Descargas\Plentziapolis2\Plentziapolis_Main.vhd" into library work
Parsing entity <Plentziapolis_Main>.
Parsing architecture <Behavioral> of entity <plentziapolis_main>.

=========================================================================
*                            HDL Elaboration                            *
=========================================================================

Elaborating entity <Plentziapolis_Main> (architecture <Behavioral>) from library <work>.

=========================================================================
*                           HDL Synthesis                               *
=========================================================================

Synthesizing Unit <Plentziapolis_Main>.
    Related source file is "E:\Descargas\Plentziapolis2\Plentziapolis_Main.vhd".
    Found 3-bit register for signal <kontua>.
    Found 32-bit register for signal <kontadore>.
    Found finite state machine <FSM_0> for signal <kontua>.
    -----------------------------------------------------------------------
    | States             | 8                                              |
    | Transitions        | 34                                             |
    | Inputs             | 5                                              |
    | Outputs            | 6                                              |
    | Clock              | clk (rising_edge)                              |
    | Reset              | reset (positive)                               |
    | Reset type         | asynchronous                                   |
    | Reset State        | s0                                             |
    | Power Up State     | s0                                             |
    | Encoding           | auto                                           |
    | Implementation     | LUT                                            |
    -----------------------------------------------------------------------
    Found 32-bit adder for signal <kontadore[31]_GND_5_o_add_40_OUT> created at line 99.
    Summary:
	inferred   1 Adder/Subtractor(s).
	inferred  32 D-type flip-flop(s).
	inferred   1 Finite State Machine(s).
Unit <Plentziapolis_Main> synthesized.

=========================================================================
HDL Synthesis Report

Macro Statistics
# Adders/Subtractors                                   : 1
 32-bit adder                                          : 1
# Registers                                            : 1
 32-bit register                                       : 1
# FSMs                                                 : 1

=========================================================================

=========================================================================
*                       Advanced HDL Synthesis                          *
=========================================================================


Synthesizing (advanced) Unit <Plentziapolis_Main>.
The following registers are absorbed into counter <kontadore>: 1 register on signal <kontadore>.
Unit <Plentziapolis_Main> synthesized (advanced).

=========================================================================
Advanced HDL Synthesis Report

Macro Statistics
# Counters                                             : 1
 32-bit up counter                                     : 1
# FSMs                                                 : 1

=========================================================================

=========================================================================
*                         Low Level Synthesis                           *
=========================================================================
Analyzing FSM <MFsm> for best encoding.
Optimizing FSM <FSM_0> on signal <kontua[1:3]> with user encoding.
-------------------
 State | Encoding
-------------------
 s0    | 000
 s1    | 001
 s2    | 010
 s3    | 011
 s4    | 100
 s5    | 101
 s6    | 110
 s7    | 111
-------------------

Optimizing unit <Plentziapolis_Main> ...
WARNING:Xst:1293 - FF/Latch <kontadore_29> has a constant value of 0 in block <Plentziapolis_Main>. This FF/Latch will be trimmed during the optimization process.
WARNING:Xst:1896 - Due to other FF/Latch trimming, FF/Latch <kontadore_30> has a constant value of 0 in block <Plentziapolis_Main>. This FF/Latch will be trimmed during the optimization process.
WARNING:Xst:1896 - Due to other FF/Latch trimming, FF/Latch <kontadore_31> has a constant value of 0 in block <Plentziapolis_Main>. This FF/Latch will be trimmed during the optimization process.

Mapping all equations...
Building and optimizing final netlist ...
Found area constraint ratio of 100 (+ 5) on block Plentziapolis_Main, actual ratio is 0.
FlipFlop kontua_FSM_FFd1 has been replicated 1 time(s)
FlipFlop kontua_FSM_FFd2 has been replicated 1 time(s)

Final Macro Processing ...

=========================================================================
Final Register Report

Macro Statistics
# Registers                                            : 34
 Flip-Flops                                            : 34

=========================================================================

=========================================================================
*                           Partition Report                            *
=========================================================================

Partition Implementation Status
-------------------------------

  No Partitions were found in this design.

-------------------------------

=========================================================================
*                            Design Summary                             *
=========================================================================

Top Level Output File Name         : Plentziapolis_Main.ngc

Primitive and Black Box Usage:
------------------------------
# BELS                             : 136
#      GND                         : 1
#      INV                         : 1
#      LUT1                        : 28
#      LUT3                        : 3
#      LUT4                        : 5
#      LUT5                        : 1
#      LUT6                        : 39
#      MUXCY                       : 28
#      VCC                         : 1
#      XORCY                       : 29
# FlipFlops/Latches                : 34
#      FD                          : 29
#      FDC                         : 5
# Clock Buffers                    : 1
#      BUFGP                       : 1
# IO Buffers                       : 7
#      IBUF                        : 4
#      OBUF                        : 3

Device utilization summary:
---------------------------

Selected Device : 6slx16csg324-3 


Slice Logic Utilization: 
 Number of Slice Registers:              34  out of  18224     0%  
 Number of Slice LUTs:                   77  out of   9112     0%  
    Number used as Logic:                77  out of   9112     0%  

Slice Logic Distribution: 
 Number of LUT Flip Flop pairs used:     79
   Number with an unused Flip Flop:      45  out of     79    56%  
   Number with an unused LUT:             2  out of     79     2%  
   Number of fully used LUT-FF pairs:    32  out of     79    40%  
   Number of unique control sets:         2

IO Utilization: 
 Number of IOs:                           8
 Number of bonded IOBs:                   8  out of    232     3%  

Specific Feature Utilization:
 Number of BUFG/BUFGCTRLs:                1  out of     16     6%  

---------------------------
Partition Resource Summary:
---------------------------

  No Partitions were found in this design.

---------------------------


=========================================================================
Timing Report

NOTE: THESE TIMING NUMBERS ARE ONLY A SYNTHESIS ESTIMATE.
      FOR ACCURATE TIMING INFORMATION PLEASE REFER TO THE TRACE REPORT
      GENERATED AFTER PLACE-and-ROUTE.

Clock Information:
------------------
-----------------------------------+------------------------+-------+
Clock Signal                       | Clock buffer(FF name)  | Load  |
-----------------------------------+------------------------+-------+
clk                                | BUFGP                  | 34    |
-----------------------------------+------------------------+-------+

Asynchronous Control Signals Information:
----------------------------------------
No asynchronous control signals found in this design

Timing Summary:
---------------
Speed Grade: -3

   Minimum period: 4.055ns (Maximum Frequency: 246.585MHz)
   Minimum input arrival time before clock: 5.480ns
   Maximum output required time after clock: 5.407ns
   Maximum combinational path delay: No path found

Timing Details:
---------------
All values displayed in nanoseconds (ns)

=========================================================================
Timing constraint: Default period analysis for Clock 'clk'
  Clock period: 4.055ns (frequency: 246.585MHz)
  Total number of paths / destination ports: 1592 / 34
-------------------------------------------------------------------------
Delay:               4.055ns (Levels of Logic = 3)
  Source:            kontadore_10 (FF)
  Destination:       kontadore_0 (FF)
  Source Clock:      clk rising
  Destination Clock: clk rising

  Data Path: kontadore_10 to kontadore_0
                                Gate     Net
    Cell:in->out      fanout   Delay   Delay  Logical Name (Net Name)
    ----------------------------------------  ------------
     FD:C->Q               3   0.447   1.015  kontadore_10 (kontadore_10)
     LUT6:I0->O            3   0.203   0.898  GND_5_o_kontadore[31]_equal_40_o<31>1 (GND_5_o_kontadore[31]_equal_40_o<31>)
     LUT6:I2->O           15   0.203   0.982  _n00821 (_n0082)
     LUT6:I5->O            1   0.205   0.000  kontadore_0_rstpot (kontadore_0_rstpot)
     FD:D                      0.102          kontadore_0
    ----------------------------------------
    Total                      4.055ns (1.160ns logic, 2.895ns route)
                                       (28.6% logic, 71.4% route)

=========================================================================
Timing constraint: Default OFFSET IN BEFORE for Clock 'clk'
  Total number of paths / destination ports: 84 / 39
-------------------------------------------------------------------------
Offset:              5.480ns (Levels of Logic = 4)
  Source:            reset<0> (PAD)
  Destination:       kontadore_0 (FF)
  Destination Clock: clk rising

  Data Path: reset<0> to kontadore_0
                                Gate     Net
    Cell:in->out      fanout   Delay   Delay  Logical Name (Net Name)
    ----------------------------------------  ------------
     IBUF:I->O            35   1.222   1.582  reset_0_IBUF (reset_0_IBUF)
     LUT4:I0->O            2   0.203   0.981  GND_5_o_kontadore[31]_equal_40_o<31>7_SW1 (N11)
     LUT6:I0->O           15   0.203   0.982  _n00821 (_n0082)
     LUT6:I5->O            1   0.205   0.000  kontadore_0_rstpot (kontadore_0_rstpot)
     FD:D                      0.102          kontadore_0
    ----------------------------------------
    Total                      5.480ns (1.935ns logic, 3.545ns route)
                                       (35.3% logic, 64.7% route)

=========================================================================
Timing constraint: Default OFFSET OUT AFTER for Clock 'clk'
  Total number of paths / destination ports: 9 / 3
-------------------------------------------------------------------------
Offset:              5.407ns (Levels of Logic = 2)
  Source:            kontua_FSM_FFd1 (FF)
  Destination:       irteerak<2> (PAD)
  Source Clock:      clk rising

  Data Path: kontua_FSM_FFd1 to irteerak<2>
                                Gate     Net
    Cell:in->out      fanout   Delay   Delay  Logical Name (Net Name)
    ----------------------------------------  ------------
     FDC:C->Q             38   0.447   1.605  kontua_FSM_FFd1 (kontua_FSM_FFd1)
     LUT3:I0->O            1   0.205   0.579  irteerak<1>1 (irteerak_1_OBUF)
     OBUF:I->O                 2.571          irteerak_1_OBUF (irteerak<1>)
    ----------------------------------------
    Total                      5.407ns (3.223ns logic, 2.184ns route)
                                       (59.6% logic, 40.4% route)

=========================================================================

Cross Clock Domains Report:
--------------------------

Clock to Setup on destination clock clk
---------------+---------+---------+---------+---------+
               | Src:Rise| Src:Fall| Src:Rise| Src:Fall|
Source Clock   |Dest:Rise|Dest:Rise|Dest:Fall|Dest:Fall|
---------------+---------+---------+---------+---------+
clk            |    4.055|         |         |         |
---------------+---------+---------+---------+---------+

=========================================================================


Total REAL time to Xst completion: 7.00 secs
Total CPU time to Xst completion: 7.20 secs
 
--> 

Total memory usage is 221336 kilobytes

Number of errors   :    0 (   0 filtered)
Number of warnings :    3 (   0 filtered)
Number of infos    :    0 (   0 filtered)

